<?xml version="1.0" encoding="UTF-8"?>
<!-- Generated by org.testng.reporters.JUnitReportReporter -->
<testsuite hostname="LAPTOP-GT4Q416J" failures="0" tests="4" name="MyTestRunner.MyTestRunner" time="11.330" errors="0" timestamp="2026-03-05T21:35:12 IST" skipped="0">
  <testcase classname="MyTestRunner.MyTestRunner" name="runScenario" time="2.438"/>
  <testcase classname="MyTestRunner.MyTestRunner" name="runScenario" time="1.746"/>
  <testcase classname="MyTestRunner.MyTestRunner" name="runScenario" time="2.437"/>
  <testcase classname="MyTestRunner.MyTestRunner" name="runScenario" time="4.709"/>
</testsuite> <!-- MyTestRunner.MyTestRunner -->
